<?xml version="1.0" encoding="UTF-8"?>
<!-- Generated by org.testng.reporters.JUnitXMLReporter -->
<testsuite hostname="HomePC-HP" ignored="0" name="Default test" tests="3" failures="0" timestamp="16 Oct 2022 03:28:24 GMT" time="27.2" errors="0">
  <testcase name="validateAddCategoryItemIsVisibleOrNot" time="0.528" classname="test.ListItemsTest"/>
  <testcase name="validateCategoryCannotBeDuplicated" time="3.8" classname="test.ListItemsTest"/>
  <testcase name="validateMonthDropDownOptions" time="0.427" classname="test.ListItemsTest"/>
</testsuite> <!-- Default test -->
