<?xml version="1.0" encoding="UTF-8"?>
<!-- Generated by org.testng.reporters.JUnitXMLReporter -->
<testsuite hostname="HomePC-HP" ignored="0" name="ListItemsTest" tests="3" failures="0" timestamp="16 Oct 2022 03:30:21 GMT" time="11.032" errors="0">
  <testcase name="validateAddCategoryItemIsVisibleOrNot" time="0.51" classname="test.ListItemsTest"/>
  <testcase name="validateCategoryCannotBeDuplicated" time="3.852" classname="test.ListItemsTest"/>
  <testcase name="validateMonthDropDownOptions" time="0.434" classname="test.ListItemsTest"/>
</testsuite> <!-- ListItemsTest -->
