<?xml version="1.0" encoding="UTF-8"?>
<testng-results skipped="0" failed="0" ignored="0" total="3" passed="3">
  <reporter-output>
  </reporter-output>
  <suite name="Regression" duration-ms="11032" started-at="2022-10-16T03:30:09Z" finished-at="2022-10-16T03:30:20Z">
    <groups>
    </groups>
    <test name="ListItemsTest" duration-ms="11032" started-at="2022-10-16T03:30:09Z" finished-at="2022-10-16T03:30:20Z">
      <class name="test.ListItemsTest">
        <test-method status="PASS" signature="init()[pri:0, instance:test.ListItemsTest@26be92ad]" name="init" is-config="true" duration-ms="2402" started-at="2022-10-16T03:30:09Z" finished-at="2022-10-16T03:30:12Z">
          <reporter-output>
          </reporter-output>
        </test-method> <!-- init -->
        <test-method status="PASS" signature="validateAddCategoryItemIsVisibleOrNot(java.lang.String)[pri:1, instance:test.ListItemsTest@26be92ad]" name="validateAddCategoryItemIsVisibleOrNot" duration-ms="510" started-at="2022-10-16T03:30:12Z" finished-at="2022-10-16T03:30:12Z">
          <params>
            <param index="0">
              <value>
                <![CDATA[TestNgExamBeena]]>
              </value>
            </param>
          </params>
          <reporter-output>
          </reporter-output>
        </test-method> <!-- validateAddCategoryItemIsVisibleOrNot -->
        <test-method status="PASS" signature="init()[pri:0, instance:test.ListItemsTest@26be92ad]" name="init" is-config="true" duration-ms="1599" started-at="2022-10-16T03:30:12Z" finished-at="2022-10-16T03:30:14Z">
          <reporter-output>
          </reporter-output>
        </test-method> <!-- init -->
        <test-method status="PASS" signature="validateCategoryCannotBeDuplicated(java.lang.String)[pri:2, instance:test.ListItemsTest@26be92ad]" name="validateCategoryCannotBeDuplicated" duration-ms="3852" started-at="2022-10-16T03:30:14Z" finished-at="2022-10-16T03:30:18Z">
          <params>
            <param index="0">
              <value>
                <![CDATA[TestNgExamBeena]]>
              </value>
            </param>
          </params>
          <reporter-output>
          </reporter-output>
        </test-method> <!-- validateCategoryCannotBeDuplicated -->
        <test-method status="PASS" signature="init()[pri:0, instance:test.ListItemsTest@26be92ad]" name="init" is-config="true" duration-ms="1561" started-at="2022-10-16T03:30:18Z" finished-at="2022-10-16T03:30:19Z">
          <reporter-output>
          </reporter-output>
        </test-method> <!-- init -->
        <test-method status="PASS" signature="validateMonthDropDownOptions(java.lang.String)[pri:3, instance:test.ListItemsTest@26be92ad]" name="validateMonthDropDownOptions" duration-ms="434" started-at="2022-10-16T03:30:19Z" finished-at="2022-10-16T03:30:20Z">
          <params>
            <param index="0">
              <value>
                <![CDATA[]]>
              </value>
            </param>
          </params>
          <reporter-output>
          </reporter-output>
        </test-method> <!-- validateMonthDropDownOptions -->
        <test-method status="PASS" signature="tearDown()[pri:0, instance:test.ListItemsTest@26be92ad]" name="tearDown" is-config="true" duration-ms="647" started-at="2022-10-16T03:30:20Z" finished-at="2022-10-16T03:30:20Z">
          <reporter-output>
          </reporter-output>
        </test-method> <!-- tearDown -->
      </class> <!-- test.ListItemsTest -->
    </test> <!-- ListItemsTest -->
  </suite> <!-- Regression -->
</testng-results>
